laptop-dbj59lpv - - [25/Mar/2019:20:34:48 +0530] "GET /MAMP/ HTTP/1.1" 200 4495
laptop-dbj59lpv - - [25/Mar/2019:20:34:51 +0530] "GET /MAMP/css/screen.css HTTP/1.1" 200 1430
laptop-dbj59lpv - - [25/Mar/2019:20:34:51 +0530] "GET /MAMP/css/style.css HTTP/1.1" 200 4953
laptop-dbj59lpv - - [25/Mar/2019:20:34:51 +0530] "GET /MAMP/css/bootstrap.css HTTP/1.1" 200 126432
laptop-dbj59lpv - - [25/Mar/2019:20:34:52 +0530] "GET /MAMP/images/checkmarkCarouselRight.png HTTP/1.1" 200 6566
laptop-dbj59lpv - - [25/Mar/2019:20:34:52 +0530] "GET /MAMP/images/mampLogoCarouselLeft.png HTTP/1.1" 200 6761
laptop-dbj59lpv - - [25/Mar/2019:20:34:52 +0530] "GET /MAMP/js/bootstrap.min.js HTTP/1.1" 200 27748
laptop-dbj59lpv - - [25/Mar/2019:20:34:52 +0530] "GET /MAMP/fonts/Ubuntu.woff HTTP/1.1" 200 111616
laptop-dbj59lpv - - [25/Mar/2019:20:34:52 +0530] "GET /MAMP/js/jquery-1.10.2.min.js HTTP/1.1" 200 93107
laptop-dbj59lpv - - [25/Mar/2019:20:34:52 +0530] "GET /MAMP/feed/images/923.png HTTP/1.1" 200 3046
laptop-dbj59lpv - - [25/Mar/2019:20:34:52 +0530] "GET /MAMP/images/appsolute-logo.png HTTP/1.1" 200 5654
laptop-dbj59lpv - - [25/Mar/2019:20:34:52 +0530] "GET /MAMP/feed/images/627.png HTTP/1.1" 200 6932
laptop-dbj59lpv - - [25/Mar/2019:20:34:52 +0530] "GET /MAMP/images/4logos.png HTTP/1.1" 200 21602
laptop-dbj59lpv - - [25/Mar/2019:20:34:52 +0530] "GET /MAMP/images/background/green.png HTTP/1.1" 200 998
laptop-dbj59lpv - - [25/Mar/2019:20:34:52 +0530] "GET /MAMP/feed/images/637.png HTTP/1.1" 200 1049
laptop-dbj59lpv - - [25/Mar/2019:20:34:53 +0530] "GET /docs-assets/ico/favicon.png HTTP/1.1" 404 225
laptop-dbj59lpv - - [25/Mar/2019:20:34:54 +0530] "GET /MAMP/feed/needsUpdate.txt HTTP/1.1" 200 1
127.0.0.1 - - [25/Mar/2019:20:35:20 +0530] "GET / HTTP/1.1" 200 205
127.0.0.1 - - [25/Mar/2019:20:35:21 +0530] "GET /favicon.ico HTTP/1.1" 404 209
127.0.0.1 - - [25/Mar/2019:20:35:28 +0530] "GET /demo.com/ HTTP/1.1" 200 288
127.0.0.1 - - [25/Mar/2019:20:35:33 +0530] "GET / HTTP/1.1" 200 205
127.0.0.1 - - [25/Mar/2019:20:35:43 +0530] "GET /demo.com/ HTTP/1.1" 200 288
laptop-dbj59lpv - - [30/Mar/2019:19:47:34 +0530] "GET /MAMP/ HTTP/1.1" 200 4495
laptop-dbj59lpv - - [30/Mar/2019:19:47:35 +0530] "GET /MAMP/css/bootstrap.css HTTP/1.1" 200 126432
laptop-dbj59lpv - - [30/Mar/2019:19:47:35 +0530] "GET /MAMP/css/screen.css HTTP/1.1" 200 1430
laptop-dbj59lpv - - [30/Mar/2019:19:47:36 +0530] "GET /MAMP/images/mampLogoCarouselLeft.png HTTP/1.1" 200 6761
laptop-dbj59lpv - - [30/Mar/2019:19:47:35 +0530] "GET /MAMP/css/style.css HTTP/1.1" 200 4953
laptop-dbj59lpv - - [30/Mar/2019:19:47:36 +0530] "GET /MAMP/images/checkmarkCarouselRight.png HTTP/1.1" 200 6566
laptop-dbj59lpv - - [30/Mar/2019:19:47:36 +0530] "GET /MAMP/feed/images/627.png HTTP/1.1" 200 6932
laptop-dbj59lpv - - [30/Mar/2019:19:47:36 +0530] "GET /MAMP/js/bootstrap.min.js HTTP/1.1" 200 27748
laptop-dbj59lpv - - [30/Mar/2019:19:47:36 +0530] "GET /MAMP/feed/images/923.png HTTP/1.1" 200 3046
laptop-dbj59lpv - - [30/Mar/2019:19:47:36 +0530] "GET /MAMP/images/appsolute-logo.png HTTP/1.1" 200 5654
laptop-dbj59lpv - - [30/Mar/2019:19:47:36 +0530] "GET /MAMP/images/background/green.png HTTP/1.1" 200 998
laptop-dbj59lpv - - [30/Mar/2019:19:47:36 +0530] "GET /MAMP/feed/images/637.png HTTP/1.1" 200 1049
laptop-dbj59lpv - - [30/Mar/2019:19:47:36 +0530] "GET /MAMP/images/4logos.png HTTP/1.1" 200 21602
laptop-dbj59lpv - - [30/Mar/2019:19:47:36 +0530] "GET /MAMP/js/jquery-1.10.2.min.js HTTP/1.1" 200 93107
laptop-dbj59lpv - - [30/Mar/2019:19:47:36 +0530] "GET /MAMP/fonts/Ubuntu.woff HTTP/1.1" 200 111616
laptop-dbj59lpv - - [30/Mar/2019:19:47:36 +0530] "GET /docs-assets/ico/favicon.png HTTP/1.1" 404 225
laptop-dbj59lpv - - [30/Mar/2019:19:47:38 +0530] "GET /MAMP/feed/needsUpdate.txt HTTP/1.1" 200 1
