[25-Mar-2019 15:04:30 UTC] PHP Warning:  PHP Startup: Unable to load dynamic library 'php_mysql.dll' (tried: C:\MAMP\bin\php\php7.2.10\ext\php_mysql.dll (The specified module could not be found.), C:\MAMP\bin\php\php7.2.10\ext\php_php_mysql.dll.dll (The specified module could not be found.)) in Unknown on line 0
[25-Mar-2019 15:04:34 UTC] PHP Warning:  PHP Startup: Unable to load dynamic library 'php_mysql.dll' (tried: C:\MAMP\bin\php\php7.2.10\ext\php_mysql.dll (The specified module could not be found.), C:\MAMP\bin\php\php7.2.10\ext\php_php_mysql.dll.dll (The specified module could not be found.)) in Unknown on line 0
[25-Mar-2019 15:04:40 UTC] PHP Warning:  mysqli_connect(): (HY000/1045): Access denied for user 'root'@'localhost' (using password: NO) in C:\Users\VARUN\AppData\Roaming\Appsolute\MAMP\pscripts\file-0e8a965b-14b4-44a7-8238-101906fad087.php on line 3
[25-Mar-2019 15:04:40 UTC] PHP Warning:  mysqli_query() expects parameter 1 to be mysqli, boolean given in C:\Users\VARUN\AppData\Roaming\Appsolute\MAMP\pscripts\file-0e8a965b-14b4-44a7-8238-101906fad087.php on line 12
[25-Mar-2019 15:04:40 UTC] PHP Warning:  mysqli_query() expects parameter 1 to be mysqli, boolean given in C:\Users\VARUN\AppData\Roaming\Appsolute\MAMP\pscripts\file-0e8a965b-14b4-44a7-8238-101906fad087.php on line 13
[25-Mar-2019 15:04:40 UTC] PHP Warning:  mysqli_fetch_assoc() expects parameter 1 to be mysqli_result, null given in C:\Users\VARUN\AppData\Roaming\Appsolute\MAMP\pscripts\file-0e8a965b-14b4-44a7-8238-101906fad087.php on line 16
[25-Mar-2019 15:04:40 UTC] PHP Warning:  mysqli_close() expects parameter 1 to be mysqli, boolean given in C:\Users\VARUN\AppData\Roaming\Appsolute\MAMP\pscripts\file-0e8a965b-14b4-44a7-8238-101906fad087.php on line 21
[30-Mar-2019 14:16:22 UTC] PHP Warning:  PHP Startup: Unable to load dynamic library 'php_mysql.dll' (tried: C:\MAMP\bin\php\php7.2.10\ext\php_mysql.dll (The specified module could not be found.), C:\MAMP\bin\php\php7.2.10\ext\php_php_mysql.dll.dll (The specified module could not be found.)) in Unknown on line 0
[30-Mar-2019 14:16:26 UTC] PHP Warning:  PHP Startup: Unable to load dynamic library 'php_mysql.dll' (tried: C:\MAMP\bin\php\php7.2.10\ext\php_mysql.dll (The specified module could not be found.), C:\MAMP\bin\php\php7.2.10\ext\php_php_mysql.dll.dll (The specified module could not be found.)) in Unknown on line 0
[30-Mar-2019 14:16:30 UTC] PHP Warning:  mysqli_connect(): (HY000/1045): Access denied for user 'root'@'localhost' (using password: NO) in C:\Users\VARUN\AppData\Roaming\Appsolute\MAMP\pscripts\file-915283bb-2472-4ef9-87e0-b811c925b959.php on line 3
[30-Mar-2019 14:16:30 UTC] PHP Warning:  mysqli_query() expects parameter 1 to be mysqli, boolean given in C:\Users\VARUN\AppData\Roaming\Appsolute\MAMP\pscripts\file-915283bb-2472-4ef9-87e0-b811c925b959.php on line 12
[30-Mar-2019 14:16:30 UTC] PHP Warning:  mysqli_query() expects parameter 1 to be mysqli, boolean given in C:\Users\VARUN\AppData\Roaming\Appsolute\MAMP\pscripts\file-915283bb-2472-4ef9-87e0-b811c925b959.php on line 13
[30-Mar-2019 14:16:30 UTC] PHP Warning:  mysqli_fetch_assoc() expects parameter 1 to be mysqli_result, null given in C:\Users\VARUN\AppData\Roaming\Appsolute\MAMP\pscripts\file-915283bb-2472-4ef9-87e0-b811c925b959.php on line 16
[30-Mar-2019 14:16:30 UTC] PHP Warning:  mysqli_close() expects parameter 1 to be mysqli, boolean given in C:\Users\VARUN\AppData\Roaming\Appsolute\MAMP\pscripts\file-915283bb-2472-4ef9-87e0-b811c925b959.php on line 21
[31-Mar-2019 16:03:22 UTC] PHP Warning:  PHP Startup: Unable to load dynamic library 'php_mysql.dll' (tried: C:\MAMP\bin\php\php7.2.10\ext\php_mysql.dll (The specified module could not be found.), C:\MAMP\bin\php\php7.2.10\ext\php_php_mysql.dll.dll (The specified module could not be found.)) in Unknown on line 0
[31-Mar-2019 16:03:26 UTC] PHP Warning:  PHP Startup: Unable to load dynamic library 'php_mysql.dll' (tried: C:\MAMP\bin\php\php7.2.10\ext\php_mysql.dll (The specified module could not be found.), C:\MAMP\bin\php\php7.2.10\ext\php_php_mysql.dll.dll (The specified module could not be found.)) in Unknown on line 0
[03-Apr-2019 06:40:39 UTC] PHP Warning:  PHP Startup: Unable to load dynamic library 'php_mysql.dll' (tried: C:\MAMP\bin\php\php7.2.10\ext\php_mysql.dll (The specified module could not be found.), C:\MAMP\bin\php\php7.2.10\ext\php_php_mysql.dll.dll (The specified module could not be found.)) in Unknown on line 0
[03-Apr-2019 06:40:42 UTC] PHP Warning:  PHP Startup: Unable to load dynamic library 'php_mysql.dll' (tried: C:\MAMP\bin\php\php7.2.10\ext\php_mysql.dll (The specified module could not be found.), C:\MAMP\bin\php\php7.2.10\ext\php_php_mysql.dll.dll (The specified module could not be found.)) in Unknown on line 0
[03-Apr-2019 07:41:42 UTC] PHP Warning:  PHP Startup: Unable to load dynamic library 'php_mysql.dll' (tried: C:\MAMP\bin\php\php7.2.10\ext\php_mysql.dll (The specified module could not be found.), C:\MAMP\bin\php\php7.2.10\ext\php_php_mysql.dll.dll (The specified module could not be found.)) in Unknown on line 0
[03-Apr-2019 07:41:44 UTC] PHP Warning:  PHP Startup: Unable to load dynamic library 'php_mysql.dll' (tried: C:\MAMP\bin\php\php7.2.10\ext\php_mysql.dll (The specified module could not be found.), C:\MAMP\bin\php\php7.2.10\ext\php_php_mysql.dll.dll (The specified module could not be found.)) in Unknown on line 0
[03-Apr-2019 08:10:42 UTC] PHP Warning:  PHP Startup: Unable to load dynamic library 'php_mysql.dll' (tried: C:\MAMP\bin\php\php7.2.10\ext\php_mysql.dll (The specified module could not be found.), C:\MAMP\bin\php\php7.2.10\ext\php_php_mysql.dll.dll (The specified module could not be found.)) in Unknown on line 0
[03-Apr-2019 08:10:44 UTC] PHP Warning:  PHP Startup: Unable to load dynamic library 'php_mysql.dll' (tried: C:\MAMP\bin\php\php7.2.10\ext\php_mysql.dll (The specified module could not be found.), C:\MAMP\bin\php\php7.2.10\ext\php_php_mysql.dll.dll (The specified module could not be found.)) in Unknown on line 0
[04-Apr-2019 07:49:27 UTC] PHP Warning:  PHP Startup: Unable to load dynamic library 'php_mysql.dll' (tried: C:\MAMP\bin\php\php7.2.10\ext\php_mysql.dll (The specified module could not be found.), C:\MAMP\bin\php\php7.2.10\ext\php_php_mysql.dll.dll (The specified module could not be found.)) in Unknown on line 0
[04-Apr-2019 07:49:30 UTC] PHP Warning:  PHP Startup: Unable to load dynamic library 'php_mysql.dll' (tried: C:\MAMP\bin\php\php7.2.10\ext\php_mysql.dll (The specified module could not be found.), C:\MAMP\bin\php\php7.2.10\ext\php_php_mysql.dll.dll (The specified module could not be found.)) in Unknown on line 0
[05-Apr-2019 07:18:49 UTC] PHP Warning:  PHP Startup: Unable to load dynamic library 'php_mysql.dll' (tried: C:\MAMP\bin\php\php7.2.10\ext\php_mysql.dll (The specified module could not be found.), C:\MAMP\bin\php\php7.2.10\ext\php_php_mysql.dll.dll (The specified module could not be found.)) in Unknown on line 0
[05-Apr-2019 07:18:52 UTC] PHP Warning:  PHP Startup: Unable to load dynamic library 'php_mysql.dll' (tried: C:\MAMP\bin\php\php7.2.10\ext\php_mysql.dll (The specified module could not be found.), C:\MAMP\bin\php\php7.2.10\ext\php_php_mysql.dll.dll (The specified module could not be found.)) in Unknown on line 0
[06-Apr-2019 06:13:12 UTC] PHP Warning:  PHP Startup: Unable to load dynamic library 'php_mysql.dll' (tried: C:\MAMP\bin\php\php7.2.10\ext\php_mysql.dll (The specified module could not be found.), C:\MAMP\bin\php\php7.2.10\ext\php_php_mysql.dll.dll (The specified module could not be found.)) in Unknown on line 0
[06-Apr-2019 06:13:15 UTC] PHP Warning:  PHP Startup: Unable to load dynamic library 'php_mysql.dll' (tried: C:\MAMP\bin\php\php7.2.10\ext\php_mysql.dll (The specified module could not be found.), C:\MAMP\bin\php\php7.2.10\ext\php_php_mysql.dll.dll (The specified module could not be found.)) in Unknown on line 0
[07-Apr-2019 12:00:56 UTC] PHP Warning:  PHP Startup: Unable to load dynamic library 'php_mysql.dll' (tried: C:\MAMP\bin\php\php7.2.10\ext\php_mysql.dll (The specified module could not be found.), C:\MAMP\bin\php\php7.2.10\ext\php_php_mysql.dll.dll (The specified module could not be found.)) in Unknown on line 0
[07-Apr-2019 12:01:00 UTC] PHP Warning:  PHP Startup: Unable to load dynamic library 'php_mysql.dll' (tried: C:\MAMP\bin\php\php7.2.10\ext\php_mysql.dll (The specified module could not be found.), C:\MAMP\bin\php\php7.2.10\ext\php_php_mysql.dll.dll (The specified module could not be found.)) in Unknown on line 0
[07-Apr-2019 14:20:37 UTC] PHP Warning:  PHP Startup: Unable to load dynamic library 'php_mysql.dll' (tried: C:\MAMP\bin\php\php7.2.10\ext\php_mysql.dll (The specified module could not be found.), C:\MAMP\bin\php\php7.2.10\ext\php_php_mysql.dll.dll (The specified module could not be found.)) in Unknown on line 0
[07-Apr-2019 14:20:39 UTC] PHP Warning:  PHP Startup: Unable to load dynamic library 'php_mysql.dll' (tried: C:\MAMP\bin\php\php7.2.10\ext\php_mysql.dll (The specified module could not be found.), C:\MAMP\bin\php\php7.2.10\ext\php_php_mysql.dll.dll (The specified module could not be found.)) in Unknown on line 0
[07-Apr-2019 14:24:51 UTC] PHP Warning:  mysqli_connect(): (HY000/2002): No connection could be made because the target machine actively refused it.
 in Command line code on line 1
[07-Apr-2019 14:24:51 UTC] PHP Warning:  mysqli_query() expects parameter 1 to be mysqli, boolean given in Command line code on line 1
[07-Apr-2019 14:24:51 UTC] PHP Warning:  mysqli_fetch_assoc() expects parameter 1 to be mysqli_result, null given in Command line code on line 1
[07-Apr-2019 14:24:51 UTC] PHP Warning:  mysqli_close() expects parameter 1 to be mysqli, boolean given in Command line code on line 1
[07-Apr-2019 16:22:05 UTC] PHP Warning:  mysqli_connect(): (HY000/2002): No connection could be made because the target machine actively refused it.
 in Command line code on line 1
[07-Apr-2019 16:22:05 UTC] PHP Warning:  mysqli_query() expects parameter 1 to be mysqli, boolean given in Command line code on line 1
[07-Apr-2019 16:22:05 UTC] PHP Warning:  mysqli_fetch_assoc() expects parameter 1 to be mysqli_result, null given in Command line code on line 1
[07-Apr-2019 16:22:05 UTC] PHP Warning:  mysqli_close() expects parameter 1 to be mysqli, boolean given in Command line code on line 1
